<?xml version="1.0" encoding="UTF-8"?>
<testng-results skipped="0" failed="0" ignored="0" total="1" passed="1">
  <reporter-output>
  </reporter-output>
  <suite name="Suite" duration-ms="46054" started-at="2018-09-16T07:06:13Z" finished-at="2018-09-16T07:06:59Z">
    <groups>
      <group name="cucumber">
        <method signature="AbstractTestNGCucumberTests.feature(cucumber.api.testng.CucumberFeatureWrapper)[pri:0, instance:start.Runner@1e397ed7]" name="feature" class="cucumber.api.testng.AbstractTestNGCucumberTests"/>
      </group> <!-- cucumber -->
    </groups>
    <test name="Test" duration-ms="46054" started-at="2018-09-16T07:06:13Z" finished-at="2018-09-16T07:06:59Z">
      <class name="start.Runner">
        <test-method status="PASS" signature="setUpClass()[pri:0, instance:start.Runner@1e397ed7]" name="setUpClass" is-config="true" duration-ms="498" started-at="2018-09-16T12:36:13Z" finished-at="2018-09-16T12:36:14Z">
          <reporter-output>
          </reporter-output>
        </test-method> <!-- setUpClass -->
        <test-method status="PASS" signature="feature(cucumber.api.testng.CucumberFeatureWrapper)[pri:0, instance:start.Runner@1e397ed7]" name="feature" duration-ms="45195" started-at="2018-09-16T12:36:14Z" description="Runs Cucumber Feature" data-provider="features" finished-at="2018-09-16T12:36:59Z">
          <params>
            <param index="0">
              <value>
                <![CDATA[Title of your feature]]>
              </value>
            </param>
          </params>
          <reporter-output>
          </reporter-output>
        </test-method> <!-- feature -->
        <test-method status="PASS" signature="tearDownClass()[pri:0, instance:start.Runner@1e397ed7]" name="tearDownClass" is-config="true" duration-ms="209" started-at="2018-09-16T12:36:59Z" finished-at="2018-09-16T12:36:59Z">
          <reporter-output>
          </reporter-output>
        </test-method> <!-- tearDownClass -->
      </class> <!-- start.Runner -->
    </test> <!-- Test -->
  </suite> <!-- Suite -->
</testng-results>
